<?xml version="1.0" encoding="UTF-8"?>
<!-- Generated by org.testng.reporters.JUnitReportReporter -->
<testsuite hostname="IT302980" name="testRunner.CucumberRunner" tests="5" failures="0" timestamp="20 Nov 2020 23:35:07 GMT" time="80.123" errors="0">
  <testcase name="runScenario" time="15.940" classname="testRunner.CucumberRunner"/>
  <testcase name="runScenario" time="12.772" classname="testRunner.CucumberRunner"/>
  <testcase name="runScenario" time="19.246" classname="testRunner.CucumberRunner"/>
  <testcase name="runScenario" time="15.191" classname="testRunner.CucumberRunner"/>
  <testcase name="runScenario" time="16.974" classname="testRunner.CucumberRunner"/>
</testsuite> <!-- testRunner.CucumberRunner -->
